Running with 32 chains, computing 6000 samples per chain.
Sample number 1000
Sample number 2000
Sample number 3000
Sample number 4000
Sample number 5000
Sample number 6000
Sample number 7000
Sample number 8000
Sample number 9000
Sample number 10000
Sample number 11000
Sample number 12000
Sample number 13000
Sample number 14000
Sample number 15000
Sample number 16000
Sample number 17000
Sample number 18000
Sample number 19000
Sample number 20000
Sample number 21000
Sample number 22000
Sample number 23000
Sample number 24000
Sample number 25000
Sample number 26000
Sample number 27000
Sample number 28000
Sample number 29000
Sample number 30000
Sample number 31000
Sample number 32000
Sample number 33000
Sample number 34000
Sample number 35000
Sample number 36000
Sample number 37000
Sample number 38000
Sample number 39000
Sample number 40000
Sample number 41000
Sample number 42000
Sample number 43000
Sample number 44000
Sample number 45000
Sample number 46000
Sample number 47000
Sample number 48000
Sample number 49000
Sample number 50000
Sample number 51000
Sample number 52000
Sample number 53000
Sample number 54000
Sample number 55000
Sample number 56000
Sample number 57000
Sample number 58000
Sample number 59000
Sample number 60000
Sample number 61000
Sample number 62000
Sample number 63000
Sample number 64000
Sample number 65000
Sample number 66000
Sample number 67000
Sample number 68000
Sample number 69000
Sample number 70000
Sample number 71000
Sample number 72000
Sample number 73000
Sample number 74000
Sample number 75000
Sample number 76000
Sample number 77000
Sample number 78000
Sample number 79000
Sample number 80000
Sample number 81000
Sample number 82000
Sample number 83000
Sample number 84000
Sample number 85000
Sample number 86000
Sample number 87000
Sample number 88000
Sample number 89000
Sample number 90000
Sample number 91000
Sample number 92000
Sample number 93000
Sample number 94000
Sample number 95000
Sample number 96000
Sample number 97000
Sample number 98000
Sample number 99000
Sample number 100000
Sample number 101000
Sample number 102000
Sample number 103000
Sample number 104000
Sample number 105000
Sample number 106000
Sample number 107000
Sample number 108000
Sample number 109000
Sample number 110000
Sample number 111000
Sample number 112000
Sample number 113000
Sample number 114000
Sample number 115000
Sample number 116000
Sample number 117000
Sample number 118000
Sample number 119000
Sample number 120000
Sample number 121000
Sample number 122000
Sample number 123000
Sample number 124000
Sample number 125000
Sample number 126000
Sample number 127000
Sample number 128000
Sample number 129000
Sample number 130000
Sample number 131000
Sample number 132000
Sample number 133000
Sample number 134000
Sample number 135000
Sample number 136000
Sample number 137000
Sample number 138000
Sample number 139000
Sample number 140000
Sample number 141000
Sample number 142000
Sample number 143000
Sample number 144000
Sample number 145000
Sample number 146000
Sample number 147000
Sample number 148000
Sample number 149000
Sample number 150000
Sample number 151000
Sample number 152000
Sample number 153000
Sample number 154000
Sample number 155000
Sample number 156000
Sample number 157000
Sample number 158000
Sample number 159000
Sample number 160000
Sample number 161000
Sample number 162000
Sample number 163000
Sample number 164000
Sample number 165000
Sample number 166000
Sample number 167000
Sample number 168000
Sample number 169000
Sample number 170000
Sample number 171000
Sample number 172000
Sample number 173000
Sample number 174000
Sample number 175000
Sample number 176000
Sample number 177000
Sample number 178000
Sample number 179000
Sample number 180000
Sample number 181000
Sample number 182000
Sample number 183000
Sample number 184000
Sample number 185000
Sample number 186000
Sample number 187000
Sample number 188000
Sample number 189000
Sample number 190000
Sample number 191000
Sample number 192000
Mean value of the 4-parameter downscaling:
    2.0135 3.61291 2.2478 7.47492 
Comparison mean value of the downscaled 64-parameter mean:
    2.0135 3.61291 2.2478 7.47492 
Number of samples = 192000
