Running with 64 chains, computing 15000 samples per chain.
Sample number 1000
Sample number 2000
Sample number 3000
Sample number 4000
Sample number 5000
Sample number 6000
Sample number 7000
Sample number 8000
Sample number 9000
Sample number 10000
Sample number 11000
Sample number 12000
Sample number 13000
Sample number 14000
Sample number 15000
Sample number 16000
Sample number 17000
Sample number 18000
Sample number 19000
Sample number 20000
Sample number 21000
Sample number 22000
Sample number 23000
Sample number 24000
Sample number 25000
Sample number 26000
Sample number 27000
Sample number 28000
Sample number 29000
Sample number 30000
Sample number 31000
Sample number 32000
Sample number 33000
Sample number 34000
Sample number 35000
Sample number 36000
Sample number 37000
Sample number 38000
Sample number 39000
Sample number 40000
Sample number 41000
Sample number 42000
Sample number 43000
Sample number 44000
Sample number 45000
Sample number 46000
Sample number 47000
Sample number 48000
Sample number 49000
Sample number 50000
Sample number 51000
Sample number 52000
Sample number 53000
Sample number 54000
Sample number 55000
Sample number 56000
Sample number 57000
Sample number 58000
Sample number 59000
Sample number 60000
Sample number 61000
Sample number 62000
Sample number 63000
Sample number 64000
Sample number 65000
Sample number 66000
Sample number 67000
Sample number 68000
Sample number 69000
Sample number 70000
Sample number 71000
Sample number 72000
Sample number 73000
Sample number 74000
Sample number 75000
Sample number 76000
Sample number 77000
Sample number 78000
Sample number 79000
Sample number 80000
Sample number 81000
Sample number 82000
Sample number 83000
Sample number 84000
Sample number 85000
Sample number 86000
Sample number 87000
Sample number 88000
Sample number 89000
Sample number 90000
Sample number 91000
Sample number 92000
Sample number 93000
Sample number 94000
Sample number 95000
Sample number 96000
Sample number 97000
Sample number 98000
Sample number 99000
Sample number 100000
Sample number 101000
Sample number 102000
Sample number 103000
Sample number 104000
Sample number 105000
Sample number 106000
Sample number 107000
Sample number 108000
Sample number 109000
Sample number 110000
Sample number 111000
Sample number 112000
Sample number 113000
Sample number 114000
Sample number 115000
Sample number 116000
Sample number 117000
Sample number 118000
Sample number 119000
Sample number 120000
Sample number 121000
Sample number 122000
Sample number 123000
Sample number 124000
Sample number 125000
Sample number 126000
Sample number 127000
Sample number 128000
Sample number 129000
Sample number 130000
Sample number 131000
Sample number 132000
Sample number 133000
Sample number 134000
Sample number 135000
Sample number 136000
Sample number 137000
Sample number 138000
Sample number 139000
Sample number 140000
Sample number 141000
Sample number 142000
Sample number 143000
Sample number 144000
Sample number 145000
Sample number 146000
Sample number 147000
Sample number 148000
Sample number 149000
Sample number 150000
Sample number 151000
Sample number 152000
Sample number 153000
Sample number 154000
Sample number 155000
Sample number 156000
Sample number 157000
Sample number 158000
Sample number 159000
Sample number 160000
Sample number 161000
Sample number 162000
Sample number 163000
Sample number 164000
Sample number 165000
Sample number 166000
Sample number 167000
Sample number 168000
Sample number 169000
Sample number 170000
Sample number 171000
Sample number 172000
Sample number 173000
Sample number 174000
Sample number 175000
Sample number 176000
Sample number 177000
Sample number 178000
Sample number 179000
Sample number 180000
Sample number 181000
Sample number 182000
Sample number 183000
Sample number 184000
Sample number 185000
Sample number 186000
Sample number 187000
Sample number 188000
Sample number 189000
Sample number 190000
Sample number 191000
Sample number 192000
Sample number 193000
Sample number 194000
Sample number 195000
Sample number 196000
Sample number 197000
Sample number 198000
Sample number 199000
Sample number 200000
Sample number 201000
Sample number 202000
Sample number 203000
Sample number 204000
Sample number 205000
Sample number 206000
Sample number 207000
Sample number 208000
Sample number 209000
Sample number 210000
Sample number 211000
Sample number 212000
Sample number 213000
Sample number 214000
Sample number 215000
Sample number 216000
Sample number 217000
Sample number 218000
Sample number 219000
Sample number 220000
Sample number 221000
Sample number 222000
Sample number 223000
Sample number 224000
Sample number 225000
Sample number 226000
Sample number 227000
Sample number 228000
Sample number 229000
Sample number 230000
Sample number 231000
Sample number 232000
Sample number 233000
Sample number 234000
Sample number 235000
Sample number 236000
Sample number 237000
Sample number 238000
Sample number 239000
Sample number 240000
Sample number 241000
Sample number 242000
Sample number 243000
Sample number 244000
Sample number 245000
Sample number 246000
Sample number 247000
Sample number 248000
Sample number 249000
Sample number 250000
Sample number 251000
Sample number 252000
Sample number 253000
Sample number 254000
Sample number 255000
Sample number 256000
Sample number 257000
Sample number 258000
Sample number 259000
Sample number 260000
Sample number 261000
Sample number 262000
Sample number 263000
Sample number 264000
Sample number 265000
Sample number 266000
Sample number 267000
Sample number 268000
Sample number 269000
Sample number 270000
Sample number 271000
Sample number 272000
Sample number 273000
Sample number 274000
Sample number 275000
Sample number 276000
Sample number 277000
Sample number 278000
Sample number 279000
Sample number 280000
Sample number 281000
Sample number 282000
Sample number 283000
Sample number 284000
Sample number 285000
Sample number 286000
Sample number 287000
Sample number 288000
Sample number 289000
Sample number 290000
Sample number 291000
Sample number 292000
Sample number 293000
Sample number 294000
Sample number 295000
Sample number 296000
Sample number 297000
Sample number 298000
Sample number 299000
Sample number 300000
Sample number 301000
Sample number 302000
Sample number 303000
Sample number 304000
Sample number 305000
Sample number 306000
Sample number 307000
Sample number 308000
Sample number 309000
Sample number 310000
Sample number 311000
Sample number 312000
Sample number 313000
Sample number 314000
Sample number 315000
Sample number 316000
Sample number 317000
Sample number 318000
Sample number 319000
Sample number 320000
Sample number 321000
Sample number 322000
Sample number 323000
Sample number 324000
Sample number 325000
Sample number 326000
Sample number 327000
Sample number 328000
Sample number 329000
Sample number 330000
Sample number 331000
Sample number 332000
Sample number 333000
Sample number 334000
Sample number 335000
Sample number 336000
Sample number 337000
Sample number 338000
Sample number 339000
Sample number 340000
Sample number 341000
Sample number 342000
Sample number 343000
Sample number 344000
Sample number 345000
Sample number 346000
Sample number 347000
Sample number 348000
Sample number 349000
Sample number 350000
Sample number 351000
Sample number 352000
Sample number 353000
Sample number 354000
Sample number 355000
Sample number 356000
Sample number 357000
Sample number 358000
Sample number 359000
Sample number 360000
Sample number 361000
Sample number 362000
Sample number 363000
Sample number 364000
Sample number 365000
Sample number 366000
Sample number 367000
Sample number 368000
Sample number 369000
Sample number 370000
Sample number 371000
Sample number 372000
Sample number 373000
Sample number 374000
Sample number 375000
Sample number 376000
Sample number 377000
Sample number 378000
Sample number 379000
Sample number 380000
Sample number 381000
Sample number 382000
Sample number 383000
Sample number 384000
Sample number 385000
Sample number 386000
Sample number 387000
Sample number 388000
Sample number 389000
Sample number 390000
Sample number 391000
Sample number 392000
Sample number 393000
Sample number 394000
Sample number 395000
Sample number 396000
Sample number 397000
Sample number 398000
Sample number 399000
Sample number 400000
Sample number 401000
Sample number 402000
Sample number 403000
Sample number 404000
Sample number 405000
Sample number 406000
Sample number 407000
Sample number 408000
Sample number 409000
Sample number 410000
Sample number 411000
Sample number 412000
Sample number 413000
Sample number 414000
Sample number 415000
Sample number 416000
Sample number 417000
Sample number 418000
Sample number 419000
Sample number 420000
Sample number 421000
Sample number 422000
Sample number 423000
Sample number 424000
Sample number 425000
Sample number 426000
Sample number 427000
Sample number 428000
Sample number 429000
Sample number 430000
Sample number 431000
Sample number 432000
Sample number 433000
Sample number 434000
Sample number 435000
Sample number 436000
Sample number 437000
Sample number 438000
Sample number 439000
Sample number 440000
Sample number 441000
Sample number 442000
Sample number 443000
Sample number 444000
Sample number 445000
Sample number 446000
Sample number 447000
Sample number 448000
Sample number 449000
Sample number 450000
Sample number 451000
Sample number 452000
Sample number 453000
Sample number 454000
Sample number 455000
Sample number 456000
Sample number 457000
Sample number 458000
Sample number 459000
Sample number 460000
Sample number 461000
Sample number 462000
Sample number 463000
Sample number 464000
Sample number 465000
Sample number 466000
Sample number 467000
Sample number 468000
Sample number 469000
Sample number 470000
Sample number 471000
Sample number 472000
Sample number 473000
Sample number 474000
Sample number 475000
Sample number 476000
Sample number 477000
Sample number 478000
Sample number 479000
Sample number 480000
Sample number 481000
Sample number 482000
Sample number 483000
Sample number 484000
Sample number 485000
Sample number 486000
Sample number 487000
Sample number 488000
Sample number 489000
Sample number 490000
Sample number 491000
Sample number 492000
Sample number 493000
Sample number 494000
Sample number 495000
Sample number 496000
Sample number 497000
Sample number 498000
Sample number 499000
Sample number 500000
Sample number 501000
Sample number 502000
Sample number 503000
Sample number 504000
Sample number 505000
Sample number 506000
Sample number 507000
Sample number 508000
Sample number 509000
Sample number 510000
Sample number 511000
Sample number 512000
Sample number 513000
Sample number 514000
Sample number 515000
Sample number 516000
Sample number 517000
Sample number 518000
Sample number 519000
Sample number 520000
Sample number 521000
Sample number 522000
Sample number 523000
Sample number 524000
Sample number 525000
Sample number 526000
Sample number 527000
Sample number 528000
Sample number 529000
Sample number 530000
Sample number 531000
Sample number 532000
Sample number 533000
Sample number 534000
Sample number 535000
Sample number 536000
Sample number 537000
Sample number 538000
Sample number 539000
Sample number 540000
Sample number 541000
Sample number 542000
Sample number 543000
Sample number 544000
Sample number 545000
Sample number 546000
Sample number 547000
Sample number 548000
Sample number 549000
Sample number 550000
Sample number 551000
Sample number 552000
Sample number 553000
Sample number 554000
Sample number 555000
Sample number 556000
Sample number 557000
Sample number 558000
Sample number 559000
Sample number 560000
Sample number 561000
Sample number 562000
Sample number 563000
Sample number 564000
Sample number 565000
Sample number 566000
Sample number 567000
Sample number 568000
Sample number 569000
Sample number 570000
Sample number 571000
Sample number 572000
Sample number 573000
Sample number 574000
Sample number 575000
Sample number 576000
Sample number 577000
Sample number 578000
Sample number 579000
Sample number 580000
Sample number 581000
Sample number 582000
Sample number 583000
Sample number 584000
Sample number 585000
Sample number 586000
Sample number 587000
Sample number 588000
Sample number 589000
Sample number 590000
Sample number 591000
Sample number 592000
Sample number 593000
Sample number 594000
Sample number 595000
Sample number 596000
Sample number 597000
Sample number 598000
Sample number 599000
Sample number 600000
Sample number 601000
Sample number 602000
Sample number 603000
Sample number 604000
Sample number 605000
Sample number 606000
Sample number 607000
Sample number 608000
Sample number 609000
Sample number 610000
Sample number 611000
Sample number 612000
Sample number 613000
Sample number 614000
Sample number 615000
Sample number 616000
Sample number 617000
Sample number 618000
Sample number 619000
Sample number 620000
Sample number 621000
Sample number 622000
Sample number 623000
Sample number 624000
Sample number 625000
Sample number 626000
Sample number 627000
Sample number 628000
Sample number 629000
Sample number 630000
Sample number 631000
Sample number 632000
Sample number 633000
Sample number 634000
Sample number 635000
Sample number 636000
Sample number 637000
Sample number 638000
Sample number 639000
Sample number 640000
Sample number 641000
Sample number 642000
Sample number 643000
Sample number 644000
Sample number 645000
Sample number 646000
Sample number 647000
Sample number 648000
Sample number 649000
Sample number 650000
Sample number 651000
Sample number 652000
Sample number 653000
Sample number 654000
Sample number 655000
Sample number 656000
Sample number 657000
Sample number 658000
Sample number 659000
Sample number 660000
Sample number 661000
Sample number 662000
Sample number 663000
Sample number 664000
Sample number 665000
Sample number 666000
Sample number 667000
Sample number 668000
Sample number 669000
Sample number 670000
Sample number 671000
Sample number 672000
Sample number 673000
Sample number 674000
Sample number 675000
Sample number 676000
Sample number 677000
Sample number 678000
Sample number 679000
Sample number 680000
Sample number 681000
Sample number 682000
Sample number 683000
Sample number 684000
Sample number 685000
Sample number 686000
Sample number 687000
Sample number 688000
Sample number 689000
Sample number 690000
Sample number 691000
Sample number 692000
Sample number 693000
Sample number 694000
Sample number 695000
Sample number 696000
Sample number 697000
Sample number 698000
Sample number 699000
Sample number 700000
Sample number 701000
Sample number 702000
Sample number 703000
Sample number 704000
Sample number 705000
Sample number 706000
Sample number 707000
Sample number 708000
Sample number 709000
Sample number 710000
Sample number 711000
Sample number 712000
Sample number 713000
Sample number 714000
Sample number 715000
Sample number 716000
Sample number 717000
Sample number 718000
Sample number 719000
Sample number 720000
Sample number 721000
Sample number 722000
Sample number 723000
Sample number 724000
Sample number 725000
Sample number 726000
Sample number 727000
Sample number 728000
Sample number 729000
Sample number 730000
Sample number 731000
Sample number 732000
Sample number 733000
Sample number 734000
Sample number 735000
Sample number 736000
Sample number 737000
Sample number 738000
Sample number 739000
Sample number 740000
Sample number 741000
Sample number 742000
Sample number 743000
Sample number 744000
Sample number 745000
Sample number 746000
Sample number 747000
Sample number 748000
Sample number 749000
Sample number 750000
Sample number 751000
Sample number 752000
Sample number 753000
Sample number 754000
Sample number 755000
Sample number 756000
Sample number 757000
Sample number 758000
Sample number 759000
Sample number 760000
Sample number 761000
Sample number 762000
Sample number 763000
Sample number 764000
Sample number 765000
Sample number 766000
Sample number 767000
Sample number 768000
Sample number 769000
Sample number 770000
Sample number 771000
Sample number 772000
Sample number 773000
Sample number 774000
Sample number 775000
Sample number 776000
Sample number 777000
Sample number 778000
Sample number 779000
Sample number 780000
Sample number 781000
Sample number 782000
Sample number 783000
Sample number 784000
Sample number 785000
Sample number 786000
Sample number 787000
Sample number 788000
Sample number 789000
Sample number 790000
Sample number 791000
Sample number 792000
Sample number 793000
Sample number 794000
Sample number 795000
Sample number 796000
Sample number 797000
Sample number 798000
Sample number 799000
Sample number 800000
Sample number 801000
Sample number 802000
Sample number 803000
Sample number 804000
Sample number 805000
Sample number 806000
Sample number 807000
Sample number 808000
Sample number 809000
Sample number 810000
Sample number 811000
Sample number 812000
Sample number 813000
Sample number 814000
Sample number 815000
Sample number 816000
Sample number 817000
Sample number 818000
Sample number 819000
Sample number 820000
Sample number 821000
Sample number 822000
Sample number 823000
Sample number 824000
Sample number 825000
Sample number 826000
Sample number 827000
Sample number 828000
Sample number 829000
Sample number 830000
Sample number 831000
Sample number 832000
Sample number 833000
Sample number 834000
Sample number 835000
Sample number 836000
Sample number 837000
Sample number 838000
Sample number 839000
Sample number 840000
Sample number 841000
Sample number 842000
Sample number 843000
Sample number 844000
Sample number 845000
Sample number 846000
Sample number 847000
Sample number 848000
Sample number 849000
Sample number 850000
Sample number 851000
Sample number 852000
Sample number 853000
Sample number 854000
Sample number 855000
Sample number 856000
Sample number 857000
Sample number 858000
Sample number 859000
Sample number 860000
Sample number 861000
Sample number 862000
Sample number 863000
Sample number 864000
Sample number 865000
Sample number 866000
Sample number 867000
Sample number 868000
Sample number 869000
Sample number 870000
Sample number 871000
Sample number 872000
Sample number 873000
Sample number 874000
Sample number 875000
Sample number 876000
Sample number 877000
Sample number 878000
Sample number 879000
Sample number 880000
Sample number 881000
Sample number 882000
Sample number 883000
Sample number 884000
Sample number 885000
Sample number 886000
Sample number 887000
Sample number 888000
Sample number 889000
Sample number 890000
Sample number 891000
Sample number 892000
Sample number 893000
Sample number 894000
Sample number 895000
Sample number 896000
Sample number 897000
Sample number 898000
Sample number 899000
Sample number 900000
Sample number 901000
Sample number 902000
Sample number 903000
Sample number 904000
Sample number 905000
Sample number 906000
Sample number 907000
Sample number 908000
Sample number 909000
Sample number 910000
Sample number 911000
Sample number 912000
Sample number 913000
Sample number 914000
Sample number 915000
Sample number 916000
Sample number 917000
Sample number 918000
Sample number 919000
Sample number 920000
Sample number 921000
Sample number 922000
Sample number 923000
Sample number 924000
Sample number 925000
Sample number 926000
Sample number 927000
Sample number 928000
Sample number 929000
Sample number 930000
Sample number 931000
Sample number 932000
Sample number 933000
Sample number 934000
Sample number 935000
Sample number 936000
Sample number 937000
Sample number 938000
Sample number 939000
Sample number 940000
Sample number 941000
Sample number 942000
Sample number 943000
Sample number 944000
Sample number 945000
Sample number 946000
Sample number 947000
Sample number 948000
Sample number 949000
Sample number 950000
Sample number 951000
Sample number 952000
Sample number 953000
Sample number 954000
Sample number 955000
Sample number 956000
Sample number 957000
Sample number 958000
Sample number 959000
Sample number 960000
Mean value of the 4-parameter downscaling:
    11.6474 3.78417 5.54615 28.9435 
Comparison mean value of the downscaled 64-parameter mean:
    11.6474 3.78417 5.54615 28.9435 
Number of samples = 960000
