Running with 64 chains, computing 1100 samples per chain.
Sample number 100
Sample number 200
Sample number 300
Sample number 400
Sample number 500
Sample number 600
Sample number 700
Sample number 800
Sample number 900
Sample number 1000
Sample number 1100
Sample number 1200
Sample number 1300
Sample number 1400
Sample number 1500
Sample number 1600
Sample number 1700
Sample number 1800
Sample number 1900
Sample number 2000
Sample number 2100
Sample number 2200
Sample number 2300
Sample number 2400
Sample number 2500
Sample number 2600
Sample number 2700
Sample number 2800
Sample number 2900
Sample number 3000
Sample number 3100
Sample number 3200
Sample number 3300
Sample number 3400
Sample number 3500
Sample number 3600
Sample number 3700
Sample number 3800
Sample number 3900
Sample number 4000
Sample number 4100
Sample number 4200
Sample number 4300
Sample number 4400
Sample number 4500
Sample number 4600
Sample number 4700
Sample number 4800
Sample number 4900
Sample number 5000
Sample number 5100
Sample number 5200
Sample number 5300
Sample number 5400
Sample number 5500
Sample number 5600
Sample number 5700
Sample number 5800
Sample number 5900
Sample number 6000
Sample number 6100
Sample number 6200
Sample number 6300
Sample number 6400
Sample number 6500
Sample number 6600
Sample number 6700
Sample number 6800
Sample number 6900
Sample number 7000
Sample number 7100
Sample number 7200
Sample number 7300
Sample number 7400
Sample number 7500
Sample number 7600
Sample number 7700
Sample number 7800
Sample number 7900
Sample number 8000
Sample number 8100
Sample number 8200
Sample number 8300
Sample number 8400
Sample number 8500
Sample number 8600
Sample number 8700
Sample number 8800
Sample number 8900
Sample number 9000
Sample number 9100
Sample number 9200
Sample number 9300
Sample number 9400
Sample number 9500
Sample number 9600
Sample number 9700
Sample number 9800
Sample number 9900
Sample number 10000
Sample number 10100
Sample number 10200
Sample number 10300
Sample number 10400
Sample number 10500
Sample number 10600
Sample number 10700
Sample number 10800
Sample number 10900
Sample number 11000
Sample number 11100
Sample number 11200
Sample number 11300
Sample number 11400
Sample number 11500
Sample number 11600
Sample number 11700
Sample number 11800
Sample number 11900
Sample number 12000
Sample number 12100
Sample number 12200
Sample number 12300
Sample number 12400
Sample number 12500
Sample number 12600
Sample number 12700
Sample number 12800
Sample number 12900
Sample number 13000
Sample number 13100
Sample number 13200
Sample number 13300
Sample number 13400
Sample number 13500
Sample number 13600
Sample number 13700
Sample number 13800
Sample number 13900
Sample number 14000
Sample number 14100
Sample number 14200
Sample number 14300
Sample number 14400
Sample number 14500
Sample number 14600
Sample number 14700
Sample number 14800
Sample number 14900
Sample number 15000
Sample number 15100
Sample number 15200
Sample number 15300
Sample number 15400
Sample number 15500
Sample number 15600
Sample number 15700
Sample number 15800
Sample number 15900
Sample number 16000
Sample number 16100
Sample number 16200
Sample number 16300
Sample number 16400
Sample number 16500
Sample number 16600
Sample number 16700
Sample number 16800
Sample number 16900
Sample number 17000
Sample number 17100
Sample number 17200
Sample number 17300
Sample number 17400
Sample number 17500
Sample number 17600
Sample number 17700
Sample number 17800
Sample number 17900
Sample number 18000
Sample number 18100
Sample number 18200
Sample number 18300
Sample number 18400
Sample number 18500
Sample number 18600
Sample number 18700
Sample number 18800
Sample number 18900
Sample number 19000
Sample number 19100
Sample number 19200
Sample number 19300
Sample number 19400
Sample number 19500
Sample number 19600
Sample number 19700
Sample number 19800
Sample number 19900
Sample number 20000
Sample number 20100
Sample number 20200
Sample number 20300
Sample number 20400
Sample number 20500
Sample number 20600
Sample number 20700
Sample number 20800
Sample number 20900
Sample number 21000
Sample number 21100
Sample number 21200
Sample number 21300
Sample number 21400
Sample number 21500
Sample number 21600
Sample number 21700
Sample number 21800
Sample number 21900
Sample number 22000
Sample number 22100
Sample number 22200
Sample number 22300
Sample number 22400
Sample number 22500
Sample number 22600
Sample number 22700
Sample number 22800
Sample number 22900
Sample number 23000
Sample number 23100
Sample number 23200
Sample number 23300
Sample number 23400
Sample number 23500
Sample number 23600
Sample number 23700
Sample number 23800
Sample number 23900
Sample number 24000
Sample number 24100
Sample number 24200
Sample number 24300
Sample number 24400
Sample number 24500
Sample number 24600
Sample number 24700
Sample number 24800
Sample number 24900
Sample number 25000
Sample number 25100
Sample number 25200
Sample number 25300
Sample number 25400
Sample number 25500
Sample number 25600
Sample number 25700
Sample number 25800
Sample number 25900
Sample number 26000
Sample number 26100
Sample number 26200
Sample number 26300
Sample number 26400
Sample number 26500
Sample number 26600
Sample number 26700
Sample number 26800
Sample number 26900
Sample number 27000
Sample number 27100
Sample number 27200
Sample number 27300
Sample number 27400
Sample number 27500
Sample number 27600
Sample number 27700
Sample number 27800
Sample number 27900
Sample number 28000
Sample number 28100
Sample number 28200
Sample number 28300
Sample number 28400
Sample number 28500
Sample number 28600
Sample number 28700
Sample number 28800
Sample number 28900
Sample number 29000
Sample number 29100
Sample number 29200
Sample number 29300
Sample number 29400
Sample number 29500
Sample number 29600
Sample number 29700
Sample number 29800
Sample number 29900
Sample number 30000
Sample number 30100
Sample number 30200
Sample number 30300
Sample number 30400
Sample number 30500
Sample number 30600
Sample number 30700
Sample number 30800
Sample number 30900
Sample number 31000
Sample number 31100
Sample number 31200
Sample number 31300
Sample number 31400
Sample number 31500
Sample number 31600
Sample number 31700
Sample number 31800
Sample number 31900
Sample number 32000
Sample number 32100
Sample number 32200
Sample number 32300
Sample number 32400
Sample number 32500
Sample number 32600
Sample number 32700
Sample number 32800
Sample number 32900
Sample number 33000
Sample number 33100
Sample number 33200
Sample number 33300
Sample number 33400
Sample number 33500
Sample number 33600
Sample number 33700
Sample number 33800
Sample number 33900
Sample number 34000
Sample number 34100
Sample number 34200
Sample number 34300
Sample number 34400
Sample number 34500
Sample number 34600
Sample number 34700
Sample number 34800
Sample number 34900
Sample number 35000
Sample number 35100
Sample number 35200
Sample number 35300
Sample number 35400
Sample number 35500
Sample number 35600
Sample number 35700
Sample number 35800
Sample number 35900
Sample number 36000
Sample number 36100
Sample number 36200
Sample number 36300
Sample number 36400
Sample number 36500
Sample number 36600
Sample number 36700
Sample number 36800
Sample number 36900
Sample number 37000
Sample number 37100
Sample number 37200
Sample number 37300
Sample number 37400
Sample number 37500
Sample number 37600
Sample number 37700
Sample number 37800
Sample number 37900
Sample number 38000
Sample number 38100
Sample number 38200
Sample number 38300
Sample number 38400
Sample number 38500
Sample number 38600
Sample number 38700
Sample number 38800
Sample number 38900
Sample number 39000
Sample number 39100
Sample number 39200
Sample number 39300
Sample number 39400
Sample number 39500
Sample number 39600
Sample number 39700
Sample number 39800
Sample number 39900
Sample number 40000
Sample number 40100
Sample number 40200
Sample number 40300
Sample number 40400
Sample number 40500
Sample number 40600
Sample number 40700
Sample number 40800
Sample number 40900
Sample number 41000
Sample number 41100
Sample number 41200
Sample number 41300
Sample number 41400
Sample number 41500
Sample number 41600
Sample number 41700
Sample number 41800
Sample number 41900
Sample number 42000
Sample number 42100
Sample number 42200
Sample number 42300
Sample number 42400
Sample number 42500
Sample number 42600
Sample number 42700
Sample number 42800
Sample number 42900
Sample number 43000
Sample number 43100
Sample number 43200
Sample number 43300
Sample number 43400
Sample number 43500
Sample number 43600
Sample number 43700
Sample number 43800
Sample number 43900
Sample number 44000
Sample number 44100
Sample number 44200
Sample number 44300
Sample number 44400
Sample number 44500
Sample number 44600
Sample number 44700
Sample number 44800
Sample number 44900
Sample number 45000
Sample number 45100
Sample number 45200
Sample number 45300
Sample number 45400
Sample number 45500
Sample number 45600
Sample number 45700
Sample number 45800
Sample number 45900
Sample number 46000
Sample number 46100
Sample number 46200
Sample number 46300
Sample number 46400
Sample number 46500
Sample number 46600
Sample number 46700
Sample number 46800
Sample number 46900
Sample number 47000
Sample number 47100
Sample number 47200
Sample number 47300
Sample number 47400
Sample number 47500
Sample number 47600
Sample number 47700
Sample number 47800
Sample number 47900
Sample number 48000
Sample number 48100
Sample number 48200
Sample number 48300
Sample number 48400
Sample number 48500
Sample number 48600
Sample number 48700
Sample number 48800
Sample number 48900
Sample number 49000
Sample number 49100
Sample number 49200
Sample number 49300
Sample number 49400
Sample number 49500
Sample number 49600
Sample number 49700
Sample number 49800
Sample number 49900
Sample number 50000
Sample number 50100
Sample number 50200
Sample number 50300
Sample number 50400
Sample number 50500
Sample number 50600
Sample number 50700
Sample number 50800
Sample number 50900
Sample number 51000
Sample number 51100
Sample number 51200
Sample number 51300
Sample number 51400
Sample number 51500
Sample number 51600
Sample number 51700
Sample number 51800
Sample number 51900
Sample number 52000
Sample number 52100
Sample number 52200
Sample number 52300
Sample number 52400
Sample number 52500
Sample number 52600
Sample number 52700
Sample number 52800
Sample number 52900
Sample number 53000
Sample number 53100
Sample number 53200
Sample number 53300
Sample number 53400
Sample number 53500
Sample number 53600
Sample number 53700
Sample number 53800
Sample number 53900
Sample number 54000
Sample number 54100
Sample number 54200
Sample number 54300
Sample number 54400
Sample number 54500
Sample number 54600
Sample number 54700
Sample number 54800
Sample number 54900
Sample number 55000
Sample number 55100
Sample number 55200
Sample number 55300
Sample number 55400
Sample number 55500
Sample number 55600
Sample number 55700
Sample number 55800
Sample number 55900
Sample number 56000
Sample number 56100
Sample number 56200
Sample number 56300
Sample number 56400
Sample number 56500
Sample number 56600
Sample number 56700
Sample number 56800
Sample number 56900
Sample number 57000
Sample number 57100
Sample number 57200
Sample number 57300
Sample number 57400
Sample number 57500
Sample number 57600
Sample number 57700
Sample number 57800
Sample number 57900
Sample number 58000
Sample number 58100
Sample number 58200
Sample number 58300
Sample number 58400
Sample number 58500
Sample number 58600
Sample number 58700
Sample number 58800
Sample number 58900
Sample number 59000
Sample number 59100
Sample number 59200
Sample number 59300
Sample number 59400
Sample number 59500
Sample number 59600
Sample number 59700
Sample number 59800
Sample number 59900
Sample number 60000
Sample number 60100
Sample number 60200
Sample number 60300
Sample number 60400
Sample number 60500
Sample number 60600
Sample number 60700
Sample number 60800
Sample number 60900
Sample number 61000
Sample number 61100
Sample number 61200
Sample number 61300
Sample number 61400
Sample number 61500
Sample number 61600
Sample number 61700
Sample number 61800
Sample number 61900
Sample number 62000
Sample number 62100
Sample number 62200
Sample number 62300
Sample number 62400
Sample number 62500
Sample number 62600
Sample number 62700
Sample number 62800
Sample number 62900
Sample number 63000
Sample number 63100
Sample number 63200
Sample number 63300
Sample number 63400
Sample number 63500
Sample number 63600
Sample number 63700
Sample number 63800
Sample number 63900
Sample number 64000
Sample number 64100
Sample number 64200
Sample number 64300
Sample number 64400
Sample number 64500
Sample number 64600
Sample number 64700
Sample number 64800
Sample number 64900
Sample number 65000
Sample number 65100
Sample number 65200
Sample number 65300
Sample number 65400
Sample number 65500
Sample number 65600
Sample number 65700
Sample number 65800
Sample number 65900
Sample number 66000
Sample number 66100
Sample number 66200
Sample number 66300
Sample number 66400
Sample number 66500
Sample number 66600
Sample number 66700
Sample number 66800
Sample number 66900
Sample number 67000
Sample number 67100
Sample number 67200
Sample number 67300
Sample number 67400
Sample number 67500
Sample number 67600
Sample number 67700
Sample number 67800
Sample number 67900
Sample number 68000
Sample number 68100
Sample number 68200
Sample number 68300
Sample number 68400
Sample number 68500
Sample number 68600
Sample number 68700
Sample number 68800
Sample number 68900
Sample number 69000
Sample number 69100
Sample number 69200
Sample number 69300
Sample number 69400
Sample number 69500
Sample number 69600
Sample number 69700
Sample number 69800
Sample number 69900
Sample number 70000
Sample number 70100
Sample number 70200
Sample number 70300
Sample number 70400
Mean value of the 4-parameter downscaling:
    0.946919 1.34334 1.29675 2.04734 
Comparison mean value of the downscaled 64-parameter mean:
    0.946919 1.34334 1.29675 2.04734 
Total size of output over all upscaled samples:             25892086602
Total number of spaces in output over all upscaled samples: 2053807328
Number of samples = 70400
